TN:
SF:App.tsx
FN:7,App
FNF:1
FNH:1
FNDA:2,App
DA:1,1
DA:2,1
DA:3,1
DA:4,1
DA:5,1
DA:6,1
DA:7,1
DA:8,2
DA:9,2
DA:10,2
DA:11,2
DA:12,2
DA:13,2
DA:14,2
DA:15,2
DA:16,2
LF:16
LH:16
BRDA:7,0,0,2
BRF:1
BRH:1
end_of_record
TN:
SF:components/queryBuilder/QueryBuilder.tsx
FN:4,QueryBuilderComponent
FNF:1
FNH:1
FNDA:2,QueryBuilderComponent
DA:1,1
DA:2,1
DA:3,1
DA:4,2
DA:5,2
DA:6,2
DA:7,2
DA:8,2
DA:9,2
DA:10,2
DA:11,2
DA:12,2
DA:13,2
DA:14,2
DA:15,2
DA:16,2
DA:17,1
LF:17
LH:17
BRDA:4,0,0,2
BRF:1
BRH:1
end_of_record
TN:
SF:providers/prefrencesContext/PreferencesContext.tsx
FN:4,toggleTheme
FNF:1
FNH:0
FNDA:0,toggleTheme
DA:1,1
DA:2,1
DA:3,1
DA:4,1
DA:5,1
DA:6,1
LF:6
LH:6
BRF:0
BRH:0
end_of_record
TN:
SF:providers/reactQuery/ReactQuery.tsx
FN:7,QueryProvider
FNF:1
FNH:1
FNDA:2,QueryProvider
DA:1,1
DA:2,1
DA:3,1
DA:4,1
DA:5,1
DA:6,1
DA:7,1
DA:8,2
DA:9,2
DA:10,2
DA:11,2
DA:12,2
DA:13,2
DA:14,2
LF:14
LH:14
BRDA:7,0,0,2
BRF:1
BRH:1
end_of_record
TN:
SF:providers/theme/Theme.tsx
FN:19,ThemeProvider
FNF:1
FNH:1
FNDA:8,ThemeProvider
DA:1,1
DA:2,1
DA:3,1
DA:4,1
DA:5,1
DA:6,1
DA:7,1
DA:8,1
DA:9,1
DA:10,1
DA:11,1
DA:12,1
DA:13,1
DA:14,1
DA:15,1
DA:16,1
DA:17,1
DA:18,1
DA:19,1
DA:20,8
DA:21,8
DA:22,8
DA:23,8
DA:24,8
DA:25,8
DA:26,8
DA:27,8
DA:28,8
DA:29,8
DA:30,8
DA:31,4
DA:32,4
DA:33,8
DA:34,8
DA:35,8
DA:36,8
DA:37,8
DA:38,8
DA:39,8
DA:40,8
DA:41,8
DA:42,8
DA:43,8
DA:44,8
DA:45,8
DA:46,8
DA:47,8
DA:48,8
DA:49,8
DA:50,8
DA:51,8
DA:52,8
DA:53,8
DA:54,8
DA:55,8
DA:56,8
DA:57,8
DA:58,8
DA:59,8
DA:60,8
DA:61,8
DA:62,8
DA:63,8
DA:64,8
DA:65,8
DA:66,8
DA:67,0
DA:68,8
DA:69,8
DA:70,8
DA:71,8
DA:72,4
DA:73,4
DA:74,8
DA:75,8
DA:76,8
DA:77,8
DA:78,4
DA:79,4
DA:80,4
DA:81,4
DA:82,4
DA:83,4
DA:84,4
DA:85,4
DA:86,4
DA:87,8
LF:87
LH:86
BRDA:19,0,0,8
BRDA:30,1,0,4
BRDA:30,2,0,4
BRDA:64,3,0,0
BRDA:77,4,0,4
BRDA:77,5,0,4
BRDA:71,6,0,4
BRF:7
BRH:6
end_of_record
